Checking whether C++ compiler has '__int64' failed to compile with the following output:
Change Dir: /home/mahran/itk_build/KWStyle-build/Utilities/KWSys/CMakeFiles/CMakeTmp

Run Build Command:"/usr/bin/make" "cmTC_b3898/fast"
make[3]: Entering directory '/home/mahran/itk_build/KWStyle-build/Utilities/KWSys/CMakeFiles/CMakeTmp'
/usr/bin/make -f CMakeFiles/cmTC_b3898.dir/build.make CMakeFiles/cmTC_b3898.dir/build
make[4]: Entering directory '/home/mahran/itk_build/KWStyle-build/Utilities/KWSys/CMakeFiles/CMakeTmp'
Building CXX object CMakeFiles/cmTC_b3898.dir/kwsysPlatformTestsCXX.cxx.o
/usr/bin/c++  -DTEST_KWSYS_CXX_HAS___INT64   -o CMakeFiles/cmTC_b3898.dir/kwsysPlatformTestsCXX.cxx.o -c /home/mahran/itk_build/KWStyle/Utilities/KWSys/kwsysPlatformTestsCXX.cxx
/home/mahran/itk_build/KWStyle/Utilities/KWSys/kwsysPlatformTestsCXX.cxx:27:1: error: ‘__int64’ does not name a type; did you mean ‘__amd64’?
 __int64 f(__int64 n) { return n; }
 ^~~~~~~
 __amd64
/home/mahran/itk_build/KWStyle/Utilities/KWSys/kwsysPlatformTestsCXX.cxx: In function ‘int main()’:
/home/mahran/itk_build/KWStyle/Utilities/KWSys/kwsysPlatformTestsCXX.cxx:30:3: error: ‘__int64’ was not declared in this scope
   __int64 n = 0;
   ^~~~~~~
/home/mahran/itk_build/KWStyle/Utilities/KWSys/kwsysPlatformTestsCXX.cxx:30:3: note: suggested alternative: ‘__amd64’
   __int64 n = 0;
   ^~~~~~~
   __amd64
/home/mahran/itk_build/KWStyle/Utilities/KWSys/kwsysPlatformTestsCXX.cxx:31:29: error: ‘n’ was not declared in this scope
   return static_cast<int>(f(n));
                             ^
/home/mahran/itk_build/KWStyle/Utilities/KWSys/kwsysPlatformTestsCXX.cxx:31:27: error: ‘f’ was not declared in this scope
   return static_cast<int>(f(n));
                           ^
CMakeFiles/cmTC_b3898.dir/build.make:65: recipe for target 'CMakeFiles/cmTC_b3898.dir/kwsysPlatformTestsCXX.cxx.o' failed
make[4]: *** [CMakeFiles/cmTC_b3898.dir/kwsysPlatformTestsCXX.cxx.o] Error 1
make[4]: Leaving directory '/home/mahran/itk_build/KWStyle-build/Utilities/KWSys/CMakeFiles/CMakeTmp'
Makefile:121: recipe for target 'cmTC_b3898/fast' failed
make[3]: *** [cmTC_b3898/fast] Error 2
make[3]: Leaving directory '/home/mahran/itk_build/KWStyle-build/Utilities/KWSys/CMakeFiles/CMakeTmp'


Checking whether CXX compiler has environ in stdlib.h failed to compile with the following output:
Change Dir: /home/mahran/itk_build/KWStyle-build/Utilities/KWSys/CMakeFiles/CMakeTmp

Run Build Command:"/usr/bin/make" "cmTC_21200/fast"
make[3]: Entering directory '/home/mahran/itk_build/KWStyle-build/Utilities/KWSys/CMakeFiles/CMakeTmp'
/usr/bin/make -f CMakeFiles/cmTC_21200.dir/build.make CMakeFiles/cmTC_21200.dir/build
make[4]: Entering directory '/home/mahran/itk_build/KWStyle-build/Utilities/KWSys/CMakeFiles/CMakeTmp'
Building CXX object CMakeFiles/cmTC_21200.dir/kwsysPlatformTestsCXX.cxx.o
/usr/bin/c++  -DTEST_KWSYS_CXX_HAS_ENVIRON_IN_STDLIB_H   -o CMakeFiles/cmTC_21200.dir/kwsysPlatformTestsCXX.cxx.o -c /home/mahran/itk_build/KWStyle/Utilities/KWSys/kwsysPlatformTestsCXX.cxx
/home/mahran/itk_build/KWStyle/Utilities/KWSys/kwsysPlatformTestsCXX.cxx: In function ‘int main()’:
/home/mahran/itk_build/KWStyle/Utilities/KWSys/kwsysPlatformTestsCXX.cxx:189:13: error: ‘environ’ was not declared in this scope
   char* e = environ[0];
             ^~~~~~~
/home/mahran/itk_build/KWStyle/Utilities/KWSys/kwsysPlatformTestsCXX.cxx:189:13: note: suggested alternative: ‘union’
   char* e = environ[0];
             ^~~~~~~
             union
CMakeFiles/cmTC_21200.dir/build.make:65: recipe for target 'CMakeFiles/cmTC_21200.dir/kwsysPlatformTestsCXX.cxx.o' failed
make[4]: *** [CMakeFiles/cmTC_21200.dir/kwsysPlatformTestsCXX.cxx.o] Error 1
make[4]: Leaving directory '/home/mahran/itk_build/KWStyle-build/Utilities/KWSys/CMakeFiles/CMakeTmp'
Makefile:121: recipe for target 'cmTC_21200/fast' failed
make[3]: *** [cmTC_21200/fast] Error 2
make[3]: Leaving directory '/home/mahran/itk_build/KWStyle-build/Utilities/KWSys/CMakeFiles/CMakeTmp'


Checking whether CXX compiler struct stat has st_mtimespec member failed to compile with the following output:
Change Dir: /home/mahran/itk_build/KWStyle-build/Utilities/KWSys/CMakeFiles/CMakeTmp

Run Build Command:"/usr/bin/make" "cmTC_f1af0/fast"
make[3]: Entering directory '/home/mahran/itk_build/KWStyle-build/Utilities/KWSys/CMakeFiles/CMakeTmp'
/usr/bin/make -f CMakeFiles/cmTC_f1af0.dir/build.make CMakeFiles/cmTC_f1af0.dir/build
make[4]: Entering directory '/home/mahran/itk_build/KWStyle-build/Utilities/KWSys/CMakeFiles/CMakeTmp'
Building CXX object CMakeFiles/cmTC_f1af0.dir/kwsysPlatformTestsCXX.cxx.o
/usr/bin/c++  -DTEST_KWSYS_CXX_STAT_HAS_ST_MTIMESPEC   -o CMakeFiles/cmTC_f1af0.dir/kwsysPlatformTestsCXX.cxx.o -c /home/mahran/itk_build/KWStyle/Utilities/KWSys/kwsysPlatformTestsCXX.cxx
/home/mahran/itk_build/KWStyle/Utilities/KWSys/kwsysPlatformTestsCXX.cxx: In function ‘int main()’:
/home/mahran/itk_build/KWStyle/Utilities/KWSys/kwsysPlatformTestsCXX.cxx:55:15: error: ‘struct stat’ has no member named ‘st_mtimespec’; did you mean ‘st_mtim’?
   (void)stat1.st_mtimespec.tv_sec;
               ^~~~~~~~~~~~
               st_mtim
/home/mahran/itk_build/KWStyle/Utilities/KWSys/kwsysPlatformTestsCXX.cxx:56:15: error: ‘struct stat’ has no member named ‘st_mtimespec’; did you mean ‘st_mtim’?
   (void)stat1.st_mtimespec.tv_nsec;
               ^~~~~~~~~~~~
               st_mtim
CMakeFiles/cmTC_f1af0.dir/build.make:65: recipe for target 'CMakeFiles/cmTC_f1af0.dir/kwsysPlatformTestsCXX.cxx.o' failed
make[4]: *** [CMakeFiles/cmTC_f1af0.dir/kwsysPlatformTestsCXX.cxx.o] Error 1
make[4]: Leaving directory '/home/mahran/itk_build/KWStyle-build/Utilities/KWSys/CMakeFiles/CMakeTmp'
Makefile:121: recipe for target 'cmTC_f1af0/fast' failed
make[3]: *** [cmTC_f1af0/fast] Error 2
make[3]: Leaving directory '/home/mahran/itk_build/KWStyle-build/Utilities/KWSys/CMakeFiles/CMakeTmp'


